
╔════════════════════════════════════════════════════════════════╗
║                   🚀 xTune TUN 网络适配器                     ║
╚════════════════════════════════════════════════════════════════╝

📍 平台: Linux


╔════════════════════════════════════════════════════════════════╗
║                   🚀 xTune TUN 网络适配器                     ║
╚════════════════════════════════════════════════════════════════╝

📍 平台: Linux


╔════════════════════════════════════════════════════════════════╗
║                   🚀 xTune TUN 网络适配器                     ║
╚════════════════════════════════════════════════════════════════╝

📍 平台: Linux

程序退出，错误: Device or resource busy (os error 16)

╔════════════════════════════════════════════════════════════════╗
║                   🚀 xTune TUN 网络适配器                     ║
╚════════════════════════════════════════════════════════════════╝

📍 平台: Linux

⚠️  无法创建真实 TUN 设备，进入演示模式

【演示模式】
正在模拟 TUN 网络适配器运行...
（实际工作需要以 root 权限运行）

✓ 模拟 TUN 适配器正在运行 (xtun0)

╔════════════════════════════════════════════════════════════════╗
║                   🚀 xTune TUN 网络适配器                     ║
╚════════════════════════════════════════════════════════════════╝

📍 平台: Linux

⚠️  无法创建真实 TUN 设备，进入演示模式

【演示模式】
正在模拟 TUN 网络适配器运行...
（实际工作需要以 root 权限运行）

✓ 模拟 TUN 适配器正在运行 (xtun0)
✓ 模拟 TUN 适配器正在运行 (xtun0)

╔════════════════════════════════════════════════════════════════╗
║                   🚀 xTune TUN 网络适配器                     ║
╚════════════════════════════════════════════════════════════════╝

📍 平台: Linux

⚠️  无法创建真实 TUN 设备，进入演示模式

【演示模式】
正在模拟 TUN 网络适配器运行...
（实际工作需要以 root 权限运行）

✓ 模拟 TUN 适配器正在运行 (xtun0)

╔════════════════════════════════════════════════════════════════╗
║                   🚀 xTune TUN 网络适配器                     ║
╚════════════════════════════════════════════════════════════════╝

📍 平台: Linux

⚠️  无法创建真实 TUN 设备，进入演示模式

【演示模式】
正在模拟 TUN 网络适配器运行...
（实际工作需要以 root 权限运行）

✓ 模拟 TUN 适配器正在运行 (xtun0)

╔════════════════════════════════════════════════════════════════╗
║                   🚀 xTune TUN 网络适配器                     ║
╚════════════════════════════════════════════════════════════════╝

📍 平台: Linux

⚠️  无法创建真实 TUN 设备，进入演示模式

【演示模式】
正在模拟 TUN 网络适配器运行...
（实际工作需要以 root 权限运行）

✓ 模拟 TUN 适配器正在运行 (xtun0)
